Objects/app/build/outputs/logs/manifest-merger-debug-report.txt
-- Merging decision tree log ---
manifest
ADDED from src/main/AndroidManifest.xml:2:1-30:12
	xmlns:android
		ADDED from src/main/AndroidManifest.xml:3:2-60
	package
		ADDED from src/main/AndroidManifest.xml:4:2-31
		INJECTED from src/main/AndroidManifest.xml
		INJECTED from src/main/AndroidManifest.xml
	android:versionName
		ADDED from src/main/AndroidManifest.xml:6:2-24
	android:versionCode
		ADDED from src/main/AndroidManifest.xml:5:2-25
		INJECTED from src/main/AndroidManifest.xml
		INJECTED from src/main/AndroidManifest.xml
	android:installLocation
		ADDED from src/main/AndroidManifest.xml:7:2-40
uses-sdk
ADDED from src/main/AndroidManifest.xml:9:2-40
	android:targetSdkVersion
		INJECTED from src/main/AndroidManifest.xml
		INJECTED from src/main/AndroidManifest.xml
	android:minSdkVersion
		ADDED from src/main/AndroidManifest.xml:9:12-37
		INJECTED from src/main/AndroidManifest.xml
		INJECTED from src/main/AndroidManifest.xml
supports-screens
ADDED from src/main/AndroidManifest.xml:10:2-13:33
	android:largeScreens
		ADDED from src/main/AndroidManifest.xml:10:20-47
	android:anyDensity
		ADDED from src/main/AndroidManifest.xml:13:6-31
	android:normalScreens
		ADDED from src/main/AndroidManifest.xml:11:6-34
	android:smallScreens
		ADDED from src/main/AndroidManifest.xml:12:6-33
application
ADDED from src/main/AndroidManifest.xml:14:2-29:16
	android:label
		ADDED from src/main/AndroidManifest.xml:16:3-24
	android:icon
		ADDED from src/main/AndroidManifest.xml:15:3-32
activity#alpha.android.match.main
ADDED from src/main/AndroidManifest.xml:17:3-28:14
	android:windowSoftInputMode
		ADDED from src/main/AndroidManifest.xml:18:4-45
	android:screenOrientation
		ADDED from src/main/AndroidManifest.xml:22:4-43
	android:label
		ADDED from src/main/AndroidManifest.xml:21:4-25
	android:name
		ADDED from src/main/AndroidManifest.xml:20:4-24
	android:launchMode
		ADDED from src/main/AndroidManifest.xml:19:4-34
intent-filter#android.intent.action.MAIN+android.intent.category.LAUNCHER
ADDED from src/main/AndroidManifest.xml:23:4-26:20
action#android.intent.action.MAIN
ADDED from src/main/AndroidManifest.xml:24:7-59
	android:name
		ADDED from src/main/AndroidManifest.xml:24:15-56
category#android.intent.category.LAUNCHER
ADDED from src/main/AndroidManifest.xml:25:7-67
	android:name
		ADDED from src/main/AndroidManifest.xml:25:17-64